# JRE version: OpenJDK Runtime Environment (19.0.2+7) (build 19.0.2+7-44)
# Java VM: OpenJDK 64-Bit Server VM (19.0.2+7-44, mixed mode, sharing, tiered, compressed oops, compressed class ptrs, g1 gc, windows-amd64)
GC Precious Log:
 CardTable entry size: 512
 Card Set container configuration: InlinePtr #cards 4 size 8 Array Of Cards #cards 16 size 48 Howl #buckets 8 coarsen threshold 3686 Howl Bitmap #cards 512 size 80 coarsen threshold 460 Card regions per heap region 1 cards per card region 4096
 CPUs: 20 total, 20 available
 Memory: 16110M
 Large Page Support: Disabled
 NUMA Support: Disabled
 Compressed Oops: Enabled (Zero based)
 Heap Region Size: 2M
 Heap Min Capacity: 8M
 Heap Initial Capacity: 252M
 Heap Max Capacity: 4028M
 Pre-touch: Disabled
 Parallel Workers: 15
 Concurrent Workers: 4
 Concurrent Refinement Workers: 15
 Periodic GC: Disabled
Heap:
 garbage-first heap   total 1021952K, used 489010K [0x0000000704400000, 0x0000000800000000)
  region size 2048K, 46 young (94208K), 6 survivors (12288K)
 Metaspace       used 25530K, committed 25920K, reserved 1114112K
  class space    used 3074K, committed 3264K, reserved 1048576K
GC Heap History (20 events):
Event: 1.742 GC heap before
{Heap before GC invocations=1 (full 0):
 garbage-first heap   total 258048K, used 140169K [0x0000000704400000, 0x0000000800000000)
  region size 2048K, 15 young (30720K), 2 survivors (4096K)
 Metaspace       used 10823K, committed 11072K, reserved 1114112K
  class space    used 1370K, committed 1472K, reserved 1048576K
}
Event: 1.750 GC heap after
{Heap after GC invocations=2 (full 0):
 garbage-first heap   total 258048K, used 122055K [0x0000000704400000, 0x0000000800000000)
  region size 2048K, 3 young (6144K), 3 survivors (6144K)
 Metaspace       used 10823K, committed 11072K, reserved 1114112K
  class space    used 1370K, committed 1472K, reserved 1048576K
}
Event: 1.773 GC heap before
{Heap before GC invocations=3 (full 0):
 garbage-first heap   total 258048K, used 126151K [0x0000000704400000, 0x0000000800000000)
  region size 2048K, 4 young (8192K), 3 survivors (6144K)
 Metaspace       used 10826K, committed 11072K, reserved 1114112K
  class space    used 1370K, committed 1472K, reserved 1048576K
}
Event: 1.779 GC heap after
{Heap after GC invocations=4 (full 0):
 garbage-first heap   total 258048K, used 126592K [0x0000000704400000, 0x0000000800000000)
  region size 2048K, 3 young (6144K), 3 survivors (6144K)
 Metaspace       used 10826K, committed 11072K, reserved 1114112K
  class space    used 1370K, committed 1472K, reserved 1048576K
}
Event: 1.799 GC heap before
{Heap before GC invocations=5 (full 0):
 garbage-first heap   total 258048K, used 130688K [0x0000000704400000, 0x0000000800000000)
  region size 2048K, 4 young (8192K), 3 survivors (6144K)
 Metaspace       used 10826K, committed 11072K, reserved 1114112K
  class space    used 1370K, committed 1472K, reserved 1048576K
}
Event: 1.804 GC heap after
{Heap after GC invocations=6 (full 0):
 garbage-first heap   total 258048K, used 130773K [0x0000000704400000, 0x0000000800000000)
  region size 2048K, 3 young (6144K), 3 survivors (6144K)
 Metaspace       used 10826K, committed 11072K, reserved 1114112K
  class space    used 1370K, committed 1472K, reserved 1048576K
}
Event: 1.827 GC heap before
{Heap before GC invocations=7 (full 0):
 garbage-first heap   total 258048K, used 134869K [0x0000000704400000, 0x0000000800000000)
  region size 2048K, 4 young (8192K), 3 survivors (6144K)
 Metaspace       used 10827K, committed 11072K, reserved 1114112K
  class space    used 1370K, committed 1472K, reserved 1048576K
}
Event: 1.831 GC heap after
{Heap after GC invocations=8 (full 0):
 garbage-first heap   total 258048K, used 135285K [0x0000000704400000, 0x0000000800000000)
  region size 2048K, 3 young (6144K), 3 survivors (6144K)
 Metaspace       used 10827K, committed 11072K, reserved 1114112K
  class space    used 1370K, committed 1472K, reserved 1048576K
}
Event: 1.857 GC heap before
{Heap before GC invocations=9 (full 0):
 garbage-first heap   total 258048K, used 139381K [0x0000000704400000, 0x0000000800000000)
  region size 2048K, 4 young (8192K), 3 survivors (6144K)
 Metaspace       used 10827K, committed 11072K, reserved 1114112K
  class space    used 1370K, committed 1472K, reserved 1048576K
}
Event: 1.864 GC heap after
{Heap after GC invocations=10 (full 0):
 garbage-first heap   total 481280K, used 138736K [0x0000000704400000, 0x0000000800000000)
  region size 2048K, 3 young (6144K), 3 survivors (6144K)
 Metaspace       used 10827K, committed 11072K, reserved 1114112K
  class space    used 1370K, committed 1472K, reserved 1048576K
}
Event: 2.647 GC heap before
{Heap before GC invocations=10 (full 0):
 garbage-first heap   total 481280K, used 224752K [0x0000000704400000, 0x0000000800000000)
  region size 2048K, 6 young (12288K), 3 survivors (6144K)
 Metaspace       used 11056K, committed 11392K, reserved 1114112K
  class space    used 1378K, committed 1536K, reserved 1048576K
}
Event: 2.652 GC heap after
{Heap after GC invocations=11 (full 0):
 garbage-first heap   total 481280K, used 221406K [0x0000000704400000, 0x0000000800000000)
  region size 2048K, 3 young (6144K), 3 survivors (6144K)
 Metaspace       used 11056K, committed 11392K, reserved 1114112K
  class space    used 1378K, committed 1536K, reserved 1048576K
}
Event: 2.684 GC heap before
{Heap before GC invocations=12 (full 0):
 garbage-first heap   total 481280K, used 227550K [0x0000000704400000, 0x0000000800000000)
  region size 2048K, 5 young (10240K), 3 survivors (6144K)
 Metaspace       used 11060K, committed 11392K, reserved 1114112K
  class space    used 1379K, committed 1536K, reserved 1048576K
}
Event: 2.689 GC heap after
{Heap after GC invocations=13 (full 0):
 garbage-first heap   total 481280K, used 225605K [0x0000000704400000, 0x0000000800000000)
  region size 2048K, 3 young (6144K), 3 survivors (6144K)
 Metaspace       used 11060K, committed 11392K, reserved 1114112K
  class space    used 1379K, committed 1536K, reserved 1048576K
}
Event: 2.717 GC heap before
{Heap before GC invocations=14 (full 0):
 garbage-first heap   total 481280K, used 229701K [0x0000000704400000, 0x0000000800000000)
  region size 2048K, 4 young (8192K), 3 survivors (6144K)
 Metaspace       used 11063K, committed 11392K, reserved 1114112K
  class space    used 1379K, committed 1536K, reserved 1048576K
}
Event: 2.721 GC heap after
{Heap after GC invocations=15 (full 0):
 garbage-first heap   total 481280K, used 229684K [0x0000000704400000, 0x0000000800000000)
  region size 2048K, 3 young (6144K), 3 survivors (6144K)
 Metaspace       used 11063K, committed 11392K, reserved 1114112K
  class space    used 1379K, committed 1536K, reserved 1048576K
}
Event: 2.750 GC heap before
{Heap before GC invocations=16 (full 0):
 garbage-first heap   total 481280K, used 233780K [0x0000000704400000, 0x0000000800000000)
  region size 2048K, 4 young (8192K), 3 survivors (6144K)
 Metaspace       used 11063K, committed 11392K, reserved 1114112K
  class space    used 1379K, committed 1536K, reserved 1048576K
}
Event: 2.756 GC heap after
{Heap after GC invocations=17 (full 0):
 garbage-first heap   total 1021952K, used 233930K [0x0000000704400000, 0x0000000800000000)
  region size 2048K, 3 young (6144K), 3 survivors (6144K)
 Metaspace       used 11063K, committed 11392K, reserved 1114112K
  class space    used 1379K, committed 1536K, reserved 1048576K
}
Event: 4.803 GC heap before
{Heap before GC invocations=17 (full 0):
 garbage-first heap   total 1021952K, used 434634K [0x0000000704400000, 0x0000000800000000)
  region size 2048K, 24 young (49152K), 3 survivors (6144K)
 Metaspace       used 21202K, committed 21504K, reserved 1114112K
  class space    used 2710K, committed 2816K, reserved 1048576K
}
Event: 4.811 GC heap after
{Heap after GC invocations=18 (full 0):
 garbage-first heap   total 1021952K, used 398898K [0x0000000704400000, 0x0000000800000000)
  region size 2048K, 6 young (12288K), 6 survivors (12288K)
 Metaspace       used 21202K, committed 21504K, reserved 1114112K
  class space    used 2710K, committed 2816K, reserved 1048576K
}

